<?xml version="1.0" encoding="UTF-8"?>
<!-- Generated by org.testng.reporters.JUnitReportReporter -->
<testsuite hostname="dileeps-MacBook-Pro.local" failures="0" tests="1" name="com.example.api.ManufacturingApiTest" time="1.507" errors="0" timestamp="2025-08-13T23:54:30 CDT" skipped="0">
  <testcase classname="com.example.api.ManufacturingApiTest" name="echo" time="1.507"/>
</testsuite> <!-- com.example.api.ManufacturingApiTest -->
