<?xml version="1.0" encoding="UTF-8"?>
<!-- Generated by org.testng.reporters.JUnitReportReporter -->
<testsuite hostname="dileeps-MacBook-Pro.local" failures="0" tests="1" name="com.example.ui.SmokeUITest" time="8.645" errors="0" timestamp="2025-08-13T23:54:52 CDT" skipped="0">
  <testcase classname="com.example.ui.SmokeUITest" name="open" time="8.645"/>
</testsuite> <!-- com.example.ui.SmokeUITest -->
